2023-12-14T18:08:44.425+01:00  INFO 4708 --- [restartedMain] com.test.TestDB1.TestDb1Application      : Starting TestDb1Application using Java 17.0.9 with PID 4708 (/home/xipi/coding/workingArea/TestDB1/target/classes started by xipi in /home/xipi/coding/workingArea/TestDB1)
2023-12-14T18:08:44.472+01:00  INFO 4708 --- [restartedMain] com.test.TestDB1.TestDb1Application      : No active profile set, falling back to 1 default profile: "default"
2023-12-14T18:08:44.644+01:00  INFO 4708 --- [restartedMain] .e.DevToolsPropertyDefaultsPostProcessor : Devtools property defaults active! Set 'spring.devtools.add-properties' to 'false' to disable
2023-12-14T18:08:44.645+01:00  INFO 4708 --- [restartedMain] .e.DevToolsPropertyDefaultsPostProcessor : For additional web related logging consider setting the 'logging.level.web' property to 'DEBUG'
2023-12-14T18:08:47.450+01:00  INFO 4708 --- [restartedMain] o.s.b.w.embedded.tomcat.TomcatWebServer  : Tomcat initialized with port 10000 (http)
2023-12-14T18:08:47.473+01:00  INFO 4708 --- [restartedMain] o.apache.catalina.core.StandardService   : Starting service [Tomcat]
2023-12-14T18:08:47.474+01:00  INFO 4708 --- [restartedMain] o.apache.catalina.core.StandardEngine    : Starting Servlet engine: [Apache Tomcat/10.1.16]
2023-12-14T18:08:47.591+01:00  INFO 4708 --- [restartedMain] o.a.c.c.C.[Tomcat].[localhost].[/]       : Initializing Spring embedded WebApplicationContext
2023-12-14T18:08:47.594+01:00  INFO 4708 --- [restartedMain] w.s.c.ServletWebServerApplicationContext : Root WebApplicationContext: initialization completed in 2944 ms
2023-12-14T18:08:48.416+01:00  INFO 4708 --- [restartedMain] o.s.b.d.a.OptionalLiveReloadServer       : LiveReload server is running on port 35729
2023-12-14T18:08:48.536+01:00  INFO 4708 --- [restartedMain] o.s.b.w.embedded.tomcat.TomcatWebServer  : Tomcat started on port 10000 (http) with context path ''
2023-12-14T18:08:48.555+01:00  INFO 4708 --- [restartedMain] com.test.TestDB1.TestDb1Application      : Started TestDb1Application in 5.509 seconds (process running for 8.271)
2023-12-14T18:15:11.106+01:00  INFO 4708 --- [File Watcher] rtingClassPathChangeChangedEventListener : Restarting due to 1 class path change (0 additions, 1 deletion, 0 modifications)
2023-12-14T18:15:11.390+01:00  INFO 4708 --- [restartedMain] com.test.TestDB1.TestDb1Application      : Starting TestDb1Application using Java 17.0.9 with PID 4708 (/home/xipi/coding/workingArea/TestDB1/target/classes started by xipi in /home/xipi/coding/workingArea/TestDB1)
2023-12-14T18:15:11.391+01:00  INFO 4708 --- [restartedMain] com.test.TestDB1.TestDb1Application      : No active profile set, falling back to 1 default profile: "default"
2023-12-14T18:15:12.173+01:00  INFO 4708 --- [restartedMain] o.s.b.w.embedded.tomcat.TomcatWebServer  : Tomcat initialized with port 10000 (http)
2023-12-14T18:15:12.175+01:00  INFO 4708 --- [restartedMain] o.apache.catalina.core.StandardService   : Starting service [Tomcat]
2023-12-14T18:15:12.176+01:00  INFO 4708 --- [restartedMain] o.apache.catalina.core.StandardEngine    : Starting Servlet engine: [Apache Tomcat/10.1.16]
2023-12-14T18:15:12.217+01:00  INFO 4708 --- [restartedMain] o.a.c.c.C.[Tomcat].[localhost].[/]       : Initializing Spring embedded WebApplicationContext
2023-12-14T18:15:12.218+01:00  INFO 4708 --- [restartedMain] w.s.c.ServletWebServerApplicationContext : Root WebApplicationContext: initialization completed in 818 ms
2023-12-14T18:15:12.480+01:00  INFO 4708 --- [restartedMain] o.s.b.d.a.OptionalLiveReloadServer       : LiveReload server is running on port 35729
2023-12-14T18:15:12.571+01:00  INFO 4708 --- [restartedMain] o.s.b.w.embedded.tomcat.TomcatWebServer  : Tomcat started on port 10000 (http) with context path ''
2023-12-14T18:15:12.579+01:00  INFO 4708 --- [restartedMain] com.test.TestDB1.TestDb1Application      : Started TestDb1Application in 1.307 seconds (process running for 392.296)
2023-12-14T18:15:12.584+01:00  INFO 4708 --- [restartedMain] .ConditionEvaluationDeltaLoggingListener : Condition evaluation unchanged
2023-12-14T18:20:58.017+01:00  INFO 4708 --- [File Watcher] rtingClassPathChangeChangedEventListener : Restarting due to 1 class path change (0 additions, 1 deletion, 0 modifications)
2023-12-14T18:20:58.279+01:00  INFO 4708 --- [restartedMain] com.test.TestDB1.TestDb1Application      : Starting TestDb1Application using Java 17.0.9 with PID 4708 (/home/xipi/coding/workingArea/TestDB1/target/classes started by xipi in /home/xipi/coding/workingArea/TestDB1)
2023-12-14T18:20:58.282+01:00  INFO 4708 --- [restartedMain] com.test.TestDB1.TestDb1Application      : No active profile set, falling back to 1 default profile: "default"
2023-12-14T18:20:58.955+01:00  INFO 4708 --- [restartedMain] o.s.b.w.embedded.tomcat.TomcatWebServer  : Tomcat initialized with port 10000 (http)
2023-12-14T18:20:58.958+01:00  INFO 4708 --- [restartedMain] o.apache.catalina.core.StandardService   : Starting service [Tomcat]
2023-12-14T18:20:58.960+01:00  INFO 4708 --- [restartedMain] o.apache.catalina.core.StandardEngine    : Starting Servlet engine: [Apache Tomcat/10.1.16]
2023-12-14T18:20:58.982+01:00  INFO 4708 --- [restartedMain] o.a.c.c.C.[Tomcat].[localhost].[/]       : Initializing Spring embedded WebApplicationContext
2023-12-14T18:20:58.983+01:00  INFO 4708 --- [restartedMain] w.s.c.ServletWebServerApplicationContext : Root WebApplicationContext: initialization completed in 689 ms
2023-12-14T18:20:59.215+01:00  INFO 4708 --- [restartedMain] o.s.b.d.a.OptionalLiveReloadServer       : LiveReload server is running on port 35729
2023-12-14T18:20:59.256+01:00  INFO 4708 --- [restartedMain] o.s.b.w.embedded.tomcat.TomcatWebServer  : Tomcat started on port 10000 (http) with context path ''
2023-12-14T18:20:59.271+01:00  INFO 4708 --- [restartedMain] com.test.TestDB1.TestDb1Application      : Started TestDb1Application in 1.119 seconds (process running for 738.987)
2023-12-14T18:20:59.277+01:00  INFO 4708 --- [restartedMain] .ConditionEvaluationDeltaLoggingListener : Condition evaluation unchanged
2023-12-14T18:22:17.454+01:00  INFO 6362 --- [restartedMain] com.test.TestDB1.TestDb1Application      : Starting TestDb1Application using Java 17.0.9 with PID 6362 (/home/xipi/coding/workingArea/TestDB1/target/classes started by xipi in /home/xipi/coding/workingArea/TestDB1)
2023-12-14T18:22:17.461+01:00  INFO 6362 --- [restartedMain] com.test.TestDB1.TestDb1Application      : No active profile set, falling back to 1 default profile: "default"
2023-12-14T18:22:17.659+01:00  INFO 6362 --- [restartedMain] .e.DevToolsPropertyDefaultsPostProcessor : Devtools property defaults active! Set 'spring.devtools.add-properties' to 'false' to disable
2023-12-14T18:22:17.661+01:00  INFO 6362 --- [restartedMain] .e.DevToolsPropertyDefaultsPostProcessor : For additional web related logging consider setting the 'logging.level.web' property to 'DEBUG'
2023-12-14T18:22:20.058+01:00  INFO 6362 --- [restartedMain] o.s.b.w.embedded.tomcat.TomcatWebServer  : Tomcat initialized with port 10000 (http)
2023-12-14T18:22:20.084+01:00  INFO 6362 --- [restartedMain] o.apache.catalina.core.StandardService   : Starting service [Tomcat]
2023-12-14T18:22:20.087+01:00  INFO 6362 --- [restartedMain] o.apache.catalina.core.StandardEngine    : Starting Servlet engine: [Apache Tomcat/10.1.16]
2023-12-14T18:22:20.193+01:00  INFO 6362 --- [restartedMain] o.a.c.c.C.[Tomcat].[localhost].[/]       : Initializing Spring embedded WebApplicationContext
2023-12-14T18:22:20.195+01:00  INFO 6362 --- [restartedMain] w.s.c.ServletWebServerApplicationContext : Root WebApplicationContext: initialization completed in 2531 ms
2023-12-14T18:22:21.048+01:00  INFO 6362 --- [restartedMain] o.s.b.d.a.OptionalLiveReloadServer       : LiveReload server is running on port 35729
2023-12-14T18:22:21.126+01:00  INFO 6362 --- [restartedMain] o.s.b.w.embedded.tomcat.TomcatWebServer  : Tomcat started on port 10000 (http) with context path ''
2023-12-14T18:22:21.148+01:00  INFO 6362 --- [restartedMain] com.test.TestDB1.TestDb1Application      : Started TestDb1Application in 4.819 seconds (process running for 7.128)
2023-12-14T18:23:14.881+01:00  INFO 6362 --- [http-nio-10000-exec-1] o.a.c.c.C.[Tomcat].[localhost].[/]       : Initializing Spring DispatcherServlet 'dispatcherServlet'
2023-12-14T18:23:14.883+01:00  INFO 6362 --- [http-nio-10000-exec-1] o.s.web.servlet.DispatcherServlet        : Initializing Servlet 'dispatcherServlet'
2023-12-14T18:23:14.886+01:00  INFO 6362 --- [http-nio-10000-exec-1] o.s.web.servlet.DispatcherServlet        : Completed initialization in 2 ms
2023-12-14T18:23:58.885+01:00  INFO 6362 --- [File Watcher] rtingClassPathChangeChangedEventListener : Restarting due to 1 class path change (0 additions, 1 deletion, 0 modifications)
2023-12-14T18:23:59.305+01:00  INFO 6362 --- [restartedMain] com.test.TestDB1.TestDb1Application      : Starting TestDb1Application using Java 17.0.9 with PID 6362 (/home/xipi/coding/workingArea/TestDB1/target/classes started by xipi in /home/xipi/coding/workingArea/TestDB1)
2023-12-14T18:23:59.318+01:00  INFO 6362 --- [restartedMain] com.test.TestDB1.TestDb1Application      : No active profile set, falling back to 1 default profile: "default"
2023-12-14T18:24:00.264+01:00  INFO 6362 --- [restartedMain] o.s.b.w.embedded.tomcat.TomcatWebServer  : Tomcat initialized with port 10000 (http)
2023-12-14T18:24:00.268+01:00  INFO 6362 --- [restartedMain] o.apache.catalina.core.StandardService   : Starting service [Tomcat]
2023-12-14T18:24:00.269+01:00  INFO 6362 --- [restartedMain] o.apache.catalina.core.StandardEngine    : Starting Servlet engine: [Apache Tomcat/10.1.16]
2023-12-14T18:24:00.292+01:00  INFO 6362 --- [restartedMain] o.a.c.c.C.[Tomcat].[localhost].[/]       : Initializing Spring embedded WebApplicationContext
2023-12-14T18:24:00.294+01:00  INFO 6362 --- [restartedMain] w.s.c.ServletWebServerApplicationContext : Root WebApplicationContext: initialization completed in 960 ms
2023-12-14T18:24:00.562+01:00  INFO 6362 --- [restartedMain] o.s.b.d.a.OptionalLiveReloadServer       : LiveReload server is running on port 35729
2023-12-14T18:24:00.612+01:00  INFO 6362 --- [restartedMain] o.s.b.w.embedded.tomcat.TomcatWebServer  : Tomcat started on port 10000 (http) with context path ''
2023-12-14T18:24:00.624+01:00  INFO 6362 --- [restartedMain] com.test.TestDB1.TestDb1Application      : Started TestDb1Application in 1.464 seconds (process running for 106.604)
2023-12-14T18:24:00.629+01:00  INFO 6362 --- [restartedMain] .ConditionEvaluationDeltaLoggingListener : Condition evaluation unchanged
2023-12-14T18:24:02.972+01:00  INFO 6362 --- [File Watcher] rtingClassPathChangeChangedEventListener : Restarting due to 1 class path change (1 addition, 0 deletions, 0 modifications)
2023-12-14T18:24:03.202+01:00  INFO 6362 --- [restartedMain] com.test.TestDB1.TestDb1Application      : Starting TestDb1Application using Java 17.0.9 with PID 6362 (/home/xipi/coding/workingArea/TestDB1/target/classes started by xipi in /home/xipi/coding/workingArea/TestDB1)
2023-12-14T18:24:03.205+01:00  INFO 6362 --- [restartedMain] com.test.TestDB1.TestDb1Application      : No active profile set, falling back to 1 default profile: "default"
2023-12-14T18:24:03.999+01:00  INFO 6362 --- [restartedMain] o.s.b.w.embedded.tomcat.TomcatWebServer  : Tomcat initialized with port 10000 (http)
2023-12-14T18:24:04.002+01:00  INFO 6362 --- [restartedMain] o.apache.catalina.core.StandardService   : Starting service [Tomcat]
2023-12-14T18:24:04.004+01:00  INFO 6362 --- [restartedMain] o.apache.catalina.core.StandardEngine    : Starting Servlet engine: [Apache Tomcat/10.1.16]
2023-12-14T18:24:04.025+01:00  INFO 6362 --- [restartedMain] o.a.c.c.C.[Tomcat].[localhost].[/]       : Initializing Spring embedded WebApplicationContext
2023-12-14T18:24:04.027+01:00  INFO 6362 --- [restartedMain] w.s.c.ServletWebServerApplicationContext : Root WebApplicationContext: initialization completed in 814 ms
2023-12-14T18:24:04.307+01:00  INFO 6362 --- [restartedMain] o.s.b.d.a.OptionalLiveReloadServer       : LiveReload server is running on port 35729
2023-12-14T18:24:04.339+01:00  INFO 6362 --- [restartedMain] o.s.b.w.embedded.tomcat.TomcatWebServer  : Tomcat started on port 10000 (http) with context path ''
2023-12-14T18:24:04.353+01:00  INFO 6362 --- [restartedMain] com.test.TestDB1.TestDb1Application      : Started TestDb1Application in 1.294 seconds (process running for 110.333)
2023-12-14T18:24:04.360+01:00  INFO 6362 --- [restartedMain] .ConditionEvaluationDeltaLoggingListener : Condition evaluation unchanged
2023-12-14T18:24:08.896+01:00  INFO 6362 --- [http-nio-10000-exec-1] o.a.c.c.C.[Tomcat].[localhost].[/]       : Initializing Spring DispatcherServlet 'dispatcherServlet'
2023-12-14T18:24:08.898+01:00  INFO 6362 --- [http-nio-10000-exec-1] o.s.web.servlet.DispatcherServlet        : Initializing Servlet 'dispatcherServlet'
2023-12-14T18:24:08.901+01:00  INFO 6362 --- [http-nio-10000-exec-1] o.s.web.servlet.DispatcherServlet        : Completed initialization in 3 ms
